19-11-01 10:27:34:Error at file[/data/www/swoole/easyswoole/vendor/easyswoole/easyswoole/src/Core/Swoole/ServerManager.php] line[115] message:[Uncaught Swoole\Exception: failed to listen server port[0.0.0.0:9501], Error: Address already in use[98] in /data/www/swoole/easyswoole/vendor/easyswoole/easyswoole/src/Core/Swoole/ServerManager.php:115
Stack trace:
#0 /data/www/swoole/easyswoole/vendor/easyswoole/easyswoole/src/Core/Swoole/ServerManager.php(115): Swoole\Server->__construct('0.0.0.0', 9501, 2, 1)
#1 /data/www/swoole/easyswoole/vendor/easyswoole/easyswoole/src/Core/Swoole/ServerManager.php(61): EasySwoole\Core\Swoole\ServerManager->createMainServer()
#2 /data/www/swoole/easyswoole/vendor/easyswoole/easyswoole/src/Core/Core.php(45): EasySwoole\Core\Swoole\ServerManager->start()
#3 /data/www/swoole/easyswoole/vendor/easyswoole/easyswoole/bin/easyswoole(326): EasySwoole\Core\Core->run()
#4 /data/www/swoole/easyswoole/vendor/easyswoole/easyswoole/bin/easyswoole(25): serverStart(Array)
#5 /data/www/swoole/easyswoole/vendor/easyswoole/easyswoole/bin/easyswoole(462): commandHandler()
#6 /data/www/swoole/easyswoole/easyswoole(2): require('/data/www/sw]
19-11-01 10:28:04:Error at file[/data/www/swoole/easyswoole/vendor/easyswoole/easyswoole/bin/easyswoole] line[340] message:[Swoole\Process::kill(): swKill(31218, 0) failed, Error: Operation not permitted[1]]
19-11-01 10:28:11:Error at file[/data/www/swoole/easyswoole/vendor/easyswoole/easyswoole/bin/easyswoole] line[340] message:[Swoole\Process::kill(): swKill(31218, 0) failed, Error: Operation not permitted[1]]
19-11-01 10:31:41:Error at file[/data/www/swoole/easyswoole/vendor/easyswoole/easyswoole/src/Core/Swoole/ServerManager.php] line[115] message:[Uncaught Swoole\Exception: failed to listen server port[0.0.0.0:9501], Error: Address already in use[98] in /data/www/swoole/easyswoole/vendor/easyswoole/easyswoole/src/Core/Swoole/ServerManager.php:115
Stack trace:
#0 /data/www/swoole/easyswoole/vendor/easyswoole/easyswoole/src/Core/Swoole/ServerManager.php(115): Swoole\Server->__construct('0.0.0.0', 9501, 2, 1)
#1 /data/www/swoole/easyswoole/vendor/easyswoole/easyswoole/src/Core/Swoole/ServerManager.php(61): EasySwoole\Core\Swoole\ServerManager->createMainServer()
#2 /data/www/swoole/easyswoole/vendor/easyswoole/easyswoole/src/Core/Core.php(45): EasySwoole\Core\Swoole\ServerManager->start()
#3 /data/www/swoole/easyswoole/vendor/easyswoole/easyswoole/bin/easyswoole(326): EasySwoole\Core\Core->run()
#4 /data/www/swoole/easyswoole/vendor/easyswoole/easyswoole/bin/easyswoole(25): serverStart(Array)
#5 /data/www/swoole/easyswoole/vendor/easyswoole/easyswoole/bin/easyswoole(462): commandHandler()
#6 /data/www/swoole/easyswoole/easyswoole(2): require('/data/www/sw]
19-11-01 10:33:44:Error at file[/data/www/swoole/easyswoole/vendor/easyswoole/easyswoole/src/Core/Swoole/ServerManager.php] line[115] message:[Uncaught Swoole\Exception: failed to listen server port[0.0.0.0:8811], Error: Address already in use[98] in /data/www/swoole/easyswoole/vendor/easyswoole/easyswoole/src/Core/Swoole/ServerManager.php:115
Stack trace:
#0 /data/www/swoole/easyswoole/vendor/easyswoole/easyswoole/src/Core/Swoole/ServerManager.php(115): Swoole\Server->__construct('0.0.0.0', '8811', 2, 1)
#1 /data/www/swoole/easyswoole/vendor/easyswoole/easyswoole/src/Core/Swoole/ServerManager.php(61): EasySwoole\Core\Swoole\ServerManager->createMainServer()
#2 /data/www/swoole/easyswoole/vendor/easyswoole/easyswoole/src/Core/Core.php(45): EasySwoole\Core\Swoole\ServerManager->start()
#3 /data/www/swoole/easyswoole/vendor/easyswoole/easyswoole/bin/easyswoole(326): EasySwoole\Core\Core->run()
#4 /data/www/swoole/easyswoole/vendor/easyswoole/easyswoole/bin/easyswoole(25): serverStart(Array)
#5 /data/www/swoole/easyswoole/vendor/easyswoole/easyswoole/bin/easyswoole(462): commandHandler()
#6 /data/www/swoole/easyswoole/easyswoole(2): require('/data/www/]
19-11-30 16:16:20:Error at file[/data/www/swoole/easyswoole/vendor/easyswoole/easyswoole/src/Core/Swoole/ServerManager.php] line[67] message:[Swoole\Server::start(): Using Xdebug in coroutines is extremely dangerous, please notice that it may lead to coredump!]
19-11-30 16:16:20:Error at file[/data/www/swoole/easyswoole/vendor/easyswoole/easyswoole/src/Core/Swoole/ServerManager.php] line[67] message:[Swoole\Server::start(): Using Xdebug in coroutines is extremely dangerous, please notice that it may lead to coredump!]
19-11-30 16:16:20:Error at file[/data/www/swoole/easyswoole/vendor/easyswoole/easyswoole/src/Core/Swoole/ServerManager.php] line[67] message:[Swoole\Server::start(): Using Xdebug in coroutines is extremely dangerous, please notice that it may lead to coredump!]
19-11-30 16:16:20:Error at file[/data/www/swoole/easyswoole/vendor/easyswoole/easyswoole/src/Core/Swoole/ServerManager.php] line[67] message:[Swoole\Server::start(): Using Xdebug in coroutines is extremely dangerous, please notice that it may lead to coredump!]
19-11-30 16:16:20:Error at file[/data/www/swoole/easyswoole/vendor/easyswoole/easyswoole/src/Core/Swoole/ServerManager.php] line[67] message:[Swoole\Server::start(): Using Xdebug in coroutines is extremely dangerous, please notice that it may lead to coredump!]
19-11-30 16:16:20:Error at file[/data/www/swoole/easyswoole/vendor/easyswoole/easyswoole/src/Core/Swoole/ServerManager.php] line[67] message:[Swoole\Server::start(): Using Xdebug in coroutines is extremely dangerous, please notice that it may lead to coredump!]
19-11-30 16:16:20:Error at file[/data/www/swoole/easyswoole/vendor/easyswoole/easyswoole/src/Core/Swoole/ServerManager.php] line[67] message:[Swoole\Server::start(): Using Xdebug in coroutines is extremely dangerous, please notice that it may lead to coredump!]
19-11-30 16:16:20:Error at file[/data/www/swoole/easyswoole/vendor/easyswoole/easyswoole/src/Core/Swoole/ServerManager.php] line[67] message:[Swoole\Server::start(): Using Xdebug in coroutines is extremely dangerous, please notice that it may lead to coredump!]
19-11-30 16:31:08:Error at file[/data/www/swoole/easyswoole/vendor/easyswoole/easyswoole/src/Core/Swoole/ServerManager.php] line[67] message:[Swoole\Server::start(): Using Xdebug in coroutines is extremely dangerous, please notice that it may lead to coredump!]
19-11-30 16:31:08:Error at file[/data/www/swoole/easyswoole/vendor/easyswoole/easyswoole/src/Core/Swoole/ServerManager.php] line[67] message:[Swoole\Server::start(): Using Xdebug in coroutines is extremely dangerous, please notice that it may lead to coredump!]
19-11-30 16:31:08:Error at file[/data/www/swoole/easyswoole/vendor/easyswoole/easyswoole/src/Core/Swoole/ServerManager.php] line[67] message:[Swoole\Server::start(): Using Xdebug in coroutines is extremely dangerous, please notice that it may lead to coredump!]
19-11-30 16:31:08:Error at file[/data/www/swoole/easyswoole/vendor/easyswoole/easyswoole/src/Core/Swoole/ServerManager.php] line[67] message:[Swoole\Server::start(): Using Xdebug in coroutines is extremely dangerous, please notice that it may lead to coredump!]
19-11-30 16:31:08:Error at file[/data/www/swoole/easyswoole/vendor/easyswoole/easyswoole/src/Core/Swoole/ServerManager.php] line[67] message:[Swoole\Server::start(): Using Xdebug in coroutines is extremely dangerous, please notice that it may lead to coredump!]
19-11-30 16:31:08:Error at file[/data/www/swoole/easyswoole/vendor/easyswoole/easyswoole/src/Core/Swoole/ServerManager.php] line[67] message:[Swoole\Server::start(): Using Xdebug in coroutines is extremely dangerous, please notice that it may lead to coredump!]
19-11-30 16:31:08:Error at file[/data/www/swoole/easyswoole/vendor/easyswoole/easyswoole/src/Core/Swoole/ServerManager.php] line[67] message:[Swoole\Server::start(): Using Xdebug in coroutines is extremely dangerous, please notice that it may lead to coredump!]
19-11-30 16:31:08:Error at file[/data/www/swoole/easyswoole/vendor/easyswoole/easyswoole/src/Core/Swoole/ServerManager.php] line[67] message:[Swoole\Server::start(): Using Xdebug in coroutines is extremely dangerous, please notice that it may lead to coredump!]
19-11-30 22:08:40:Error at file[/data/www/swoole/easyswoole/vendor/easyswoole/easyswoole/src/Core/Swoole/ServerManager.php] line[115] message:[Uncaught Swoole\Exception: failed to listen server port[0.0.0.0:8000], Error: Address already in use[98] in /data/www/swoole/easyswoole/vendor/easyswoole/easyswoole/src/Core/Swoole/ServerManager.php:115
Stack trace:
#0 /data/www/swoole/easyswoole/vendor/easyswoole/easyswoole/src/Core/Swoole/ServerManager.php(115): Swoole\Server->__construct('0.0.0.0', 8000, 2, 1)
#1 /data/www/swoole/easyswoole/vendor/easyswoole/easyswoole/src/Core/Swoole/ServerManager.php(61): EasySwoole\Core\Swoole\ServerManager->createMainServer()
#2 /data/www/swoole/easyswoole/vendor/easyswoole/easyswoole/src/Core/Core.php(45): EasySwoole\Core\Swoole\ServerManager->start()
#3 /data/www/swoole/easyswoole/vendor/easyswoole/easyswoole/bin/easyswoole(326): EasySwoole\Core\Core->run()
#4 /data/www/swoole/easyswoole/vendor/easyswoole/easyswoole/bin/easyswoole(25): serverStart(Array)
#5 /data/www/swoole/easyswoole/vendor/easyswoole/easyswoole/bin/easyswoole(462): commandHandler()
#6 /data/www/swoole/easyswoole/easyswoole(2): require('/data/www/sw]
19-11-30 22:08:45:Error at file[/data/www/swoole/easyswoole/vendor/easyswoole/easyswoole/src/Core/Swoole/ServerManager.php] line[67] message:[Swoole\Server::start(): Using Xdebug in coroutines is extremely dangerous, please notice that it may lead to coredump!]
19-11-30 22:08:45:Error at file[/data/www/swoole/easyswoole/vendor/easyswoole/easyswoole/src/Core/Swoole/ServerManager.php] line[67] message:[Swoole\Server::start(): Using Xdebug in coroutines is extremely dangerous, please notice that it may lead to coredump!]
19-11-30 22:08:45:Error at file[/data/www/swoole/easyswoole/vendor/easyswoole/easyswoole/src/Core/Swoole/ServerManager.php] line[67] message:[Swoole\Server::start(): Using Xdebug in coroutines is extremely dangerous, please notice that it may lead to coredump!]
19-11-30 22:08:45:Error at file[/data/www/swoole/easyswoole/vendor/easyswoole/easyswoole/src/Core/Swoole/ServerManager.php] line[67] message:[Swoole\Server::start(): Using Xdebug in coroutines is extremely dangerous, please notice that it may lead to coredump!]
19-11-30 22:08:45:Error at file[/data/www/swoole/easyswoole/vendor/easyswoole/easyswoole/src/Core/Swoole/ServerManager.php] line[67] message:[Swoole\Server::start(): Using Xdebug in coroutines is extremely dangerous, please notice that it may lead to coredump!]
19-11-30 22:08:45:Error at file[/data/www/swoole/easyswoole/vendor/easyswoole/easyswoole/src/Core/Swoole/ServerManager.php] line[67] message:[Swoole\Server::start(): Using Xdebug in coroutines is extremely dangerous, please notice that it may lead to coredump!]
19-11-30 22:08:45:Error at file[/data/www/swoole/easyswoole/vendor/easyswoole/easyswoole/src/Core/Swoole/ServerManager.php] line[67] message:[Swoole\Server::start(): Using Xdebug in coroutines is extremely dangerous, please notice that it may lead to coredump!]
19-11-30 22:08:45:Error at file[/data/www/swoole/easyswoole/vendor/easyswoole/easyswoole/src/Core/Swoole/ServerManager.php] line[67] message:[Swoole\Server::start(): Using Xdebug in coroutines is extremely dangerous, please notice that it may lead to coredump!]
19-11-30 23:01:24:Error at file[/data/www/swoole/easyswoole/EasySwooleEvent.php] line[27] message:[Uncaught Error: Class 'EasySwoole\Di' not found in /data/www/swoole/easyswoole/EasySwooleEvent.php:27
Stack trace:
#0 /data/www/swoole/easyswoole/vendor/easyswoole/easyswoole/src/Core/Swoole/ServerManager.php(130): EasySwoole\EasySwooleEvent::mainServerCreate(Object(EasySwoole\Core\Swoole\ServerManager), Object(EasySwoole\Core\Swoole\EventRegister))
#1 /data/www/swoole/easyswoole/vendor/easyswoole/easyswoole/src/Core/Swoole/ServerManager.php(61): EasySwoole\Core\Swoole\ServerManager->createMainServer()
#2 /data/www/swoole/easyswoole/vendor/easyswoole/easyswoole/src/Core/Core.php(45): EasySwoole\Core\Swoole\ServerManager->start()
#3 /data/www/swoole/easyswoole/vendor/easyswoole/easyswoole/bin/easyswoole(326): EasySwoole\Core\Core->run()
#4 /data/www/swoole/easyswoole/vendor/easyswoole/easyswoole/bin/easyswoole(410): serverStart(Array)
#5 /data/www/swoole/easyswoole/vendor/easyswoole/easyswoole/bin/easyswoole(39): serverRestart(Array)
#6 /data/www/swoole/easyswoole/vendor/easyswoole/easyswoole/bin/easyswoole(46]
19-11-30 23:01:24:Error at file[/data/www/swoole/easyswoole/EasySwooleEvent.php] line[27] message:[Uncaught Error: Class 'EasySwoole\Di' not found in /data/www/swoole/easyswoole/EasySwooleEvent.php:27
Stack trace:
#0 /data/www/swoole/easyswoole/vendor/easyswoole/easyswoole/src/Core/Swoole/ServerManager.php(130): EasySwoole\EasySwooleEvent::mainServerCreate(Object(EasySwoole\Core\Swoole\ServerManager), Object(EasySwoole\Core\Swoole\EventRegister))
#1 /data/www/swoole/easyswoole/vendor/easyswoole/easyswoole/src/Core/Swoole/ServerManager.php(61): EasySwoole\Core\Swoole\ServerManager->createMainServer()
#2 /data/www/swoole/easyswoole/vendor/easyswoole/easyswoole/src/Core/Core.php(45): EasySwoole\Core\Swoole\ServerManager->start()
#3 /data/www/swoole/easyswoole/vendor/easyswoole/easyswoole/bin/easyswoole(326): EasySwoole\Core\Core->run()
#4 /data/www/swoole/easyswoole/vendor/easyswoole/easyswoole/bin/easyswoole(410): serverStart(Array)
#5 /data/www/swoole/easyswoole/vendor/easyswoole/easyswoole/bin/easyswoole(39): serverRestart(Array)
#6 /data/www/swoole/easyswoole/vendor/easyswoole/easyswoole/bin/easyswoole(46]
19-11-30 23:02:23:Error at file[/data/www/swoole/easyswoole/vendor/easyswoole/easyswoole/src/Core/Swoole/ServerManager.php] line[67] message:[Swoole\Server::start(): Using Xdebug in coroutines is extremely dangerous, please notice that it may lead to coredump!]
19-11-30 23:02:23:Error at file[/data/www/swoole/easyswoole/vendor/easyswoole/easyswoole/src/Core/Swoole/ServerManager.php] line[67] message:[Swoole\Server::start(): Using Xdebug in coroutines is extremely dangerous, please notice that it may lead to coredump!]
19-11-30 23:02:23:Error at file[/data/www/swoole/easyswoole/vendor/easyswoole/easyswoole/src/Core/Swoole/ServerManager.php] line[67] message:[Swoole\Server::start(): Using Xdebug in coroutines is extremely dangerous, please notice that it may lead to coredump!]
19-11-30 23:02:23:Error at file[/data/www/swoole/easyswoole/vendor/easyswoole/easyswoole/src/Core/Swoole/ServerManager.php] line[67] message:[Swoole\Server::start(): Using Xdebug in coroutines is extremely dangerous, please notice that it may lead to coredump!]
19-11-30 23:02:23:Error at file[/data/www/swoole/easyswoole/vendor/easyswoole/easyswoole/src/Core/Swoole/ServerManager.php] line[67] message:[Swoole\Server::start(): Using Xdebug in coroutines is extremely dangerous, please notice that it may lead to coredump!]
19-11-30 23:02:23:Error at file[/data/www/swoole/easyswoole/vendor/easyswoole/easyswoole/src/Core/Swoole/ServerManager.php] line[67] message:[Swoole\Server::start(): Using Xdebug in coroutines is extremely dangerous, please notice that it may lead to coredump!]
19-11-30 23:02:23:Error at file[/data/www/swoole/easyswoole/vendor/easyswoole/easyswoole/src/Core/Swoole/ServerManager.php] line[67] message:[Swoole\Server::start(): Using Xdebug in coroutines is extremely dangerous, please notice that it may lead to coredump!]
19-11-30 23:02:23:Error at file[/data/www/swoole/easyswoole/vendor/easyswoole/easyswoole/src/Core/Swoole/ServerManager.php] line[67] message:[Swoole\Server::start(): Using Xdebug in coroutines is extremely dangerous, please notice that it may lead to coredump!]
